<?xml version="1.0" encoding="UTF-8"?>
<testng-results ignored="0" total="1" passed="1" failed="0" skipped="0">
  <reporter-output>
  </reporter-output>
  <suite started-at="2021-07-30T17:09:59 CDT" name="Default suite" finished-at="2021-07-30T17:10:06 CDT" duration-ms="6334">
    <groups>
    </groups>
    <test started-at="2021-07-30T17:09:59 CDT" name="Default test" finished-at="2021-07-30T17:10:06 CDT" duration-ms="6334">
      <class name="TestCases.Test_Verify_Farm_And_Garden_Page">
        <test-method is-config="true" signature="SetupDriveManager()[pri:0, instance:TestCases.Test_Verify_Farm_And_Garden_Page@759d26fb]" started-at="2021-07-30T17:09:58 CDT" name="SetupDriveManager" finished-at="2021-07-30T17:09:59 CDT" duration-ms="1630" status="PASS">
          <reporter-output>
          </reporter-output>
        </test-method> <!-- SetupDriveManager -->
        <test-method signature="given_I_am__in_Craiglist()[pri:0, instance:TestCases.Test_Verify_Farm_And_Garden_Page@759d26fb]" started-at="2021-07-30T17:10:00 CDT" name="given_I_am__in_Craiglist" finished-at="2021-07-30T17:10:06 CDT" duration-ms="6302" status="PASS">
          <reporter-output>
          </reporter-output>
        </test-method> <!-- given_I_am__in_Craiglist -->
        <test-method is-config="true" signature="close()[pri:0, instance:TestCases.Test_Verify_Farm_And_Garden_Page@759d26fb]" started-at="2021-07-30T17:10:06 CDT" name="close" finished-at="2021-07-30T17:10:06 CDT" duration-ms="73" status="PASS">
          <reporter-output>
          </reporter-output>
        </test-method> <!-- close -->
      </class> <!-- TestCases.Test_Verify_Farm_And_Garden_Page -->
    </test> <!-- Default test -->
  </suite> <!-- Default suite -->
</testng-results>
