<?xml version="1.0" encoding="UTF-8"?>
<!-- Generated by org.testng.reporters.JUnitXMLReporter -->
<testsuite ignored="0" hostname="DESKTOP-51D06BA" failures="1" tests="1" name="Test" time="0.039" errors="0" timestamp="2021-07-29T11:34:19 CDT">
  <testcase classname="TestCases.Test_Verify_Farm_And_Garden_Page" name="given_I_am__in_Craiglist" time="0.01">
    <failure type="java.lang.NullPointerException">
      <![CDATA[java.lang.NullPointerException
at base.Base.SetUpUrl(Base.java:23)
at TestCases.Test_Verify_Farm_And_Garden_Page.given_I_am__in_Craiglist(Test_Verify_Farm_And_Garden_Page.java:20)
at java.base/java.util.ArrayList.forEach(ArrayList.java:1541)
... Removed 27 stack frames]]>
    </failure>
  </testcase> <!-- given_I_am__in_Craiglist -->
</testsuite> <!-- Test -->
